#f
()
-1486186171
-1749460244
#f
((>= -1893883240 (quote 408708986)) quote +)
#f
cons
719754452
cons
#t
cons
1150351103
((quote -1152743895) quote ((- (quote -1937465686) (+ (+ (quote 1355067147) 268973385) (+ (quote -1804430206) (quote 215695301)))) quote ()))
((+ (+ (- -998276730 (+ 1300093182 -556266764)) (+ -207888612 2074127145)) (- -615861254 (+ (quote 1426402279) -1437328052))) quote #f)
1274181023
exit
(void . #t)
#t
(8394318 (>= (+ (+ -1265887314 (quote -429387209)) (+ (quote 1162450985) -1422352498)) (+ 957531965 (+ 1168007645 (quote -1677320118)))) - (+ 1264359255 (quote -1623709873)) (- (+ (- 1566852002 292882021) (quote -1564987618)) (+ (- (quote 801983004) (quote 2110979724)) -574365151)))
3
(3)